{"contracts\\Raffle.sol":{"l":{"55":3,"56":3,"57":3,"58":3,"59":3,"60":3,"61":3,"62":3,"66":4,"67":1,"69":3,"70":0,"72":3,"73":3,"92":1,"93":1,"94":1,"95":1,"96":1,"102":1,"103":1,"104":0,"110":1,"112":1,"119":0,"127":0,"128":0,"129":0,"130":0,"131":0,"132":0,"134":0,"136":0,"137":0,"139":0,"143":5,"147":1,"151":0,"155":1,"159":0,"163":0,"167":0,"171":0,"175":5},"path":"F:\\WebD\\Solidity\\FreeCodeCamp Course\\Lottery\\contracts\\Raffle.sol","s":{"1":4,"2":3,"3":3,"4":3,"5":1,"6":1,"7":1,"8":1,"9":1,"10":1,"11":1,"12":0,"13":0,"14":0,"15":0,"16":0,"17":0,"18":5,"19":1,"20":0,"21":1,"22":0,"23":0,"24":0,"25":0,"26":5},"b":{"1":[1,3],"2":[0,3],"3":[0,1],"4":[0,0]},"f":{"1":3,"2":4,"3":1,"4":1,"5":0,"6":5,"7":1,"8":0,"9":1,"10":0,"11":0,"12":0,"13":0,"14":5},"fnMap":{"1":{"name":"constructor","line":54,"loc":{"start":{"line":47,"column":4},"end":{"line":63,"column":4}}},"2":{"name":"enterRaffle","line":65,"loc":{"start":{"line":65,"column":4},"end":{"line":74,"column":4}}},"3":{"name":"checkUpkeep","line":82,"loc":{"start":{"line":82,"column":4},"end":{"line":97,"column":4}}},"4":{"name":"performUpkeep","line":99,"loc":{"start":{"line":99,"column":4},"end":{"line":120,"column":4}}},"5":{"name":"fulfillRandomWords","line":122,"loc":{"start":{"line":122,"column":4},"end":{"line":140,"column":4}}},"6":{"name":"getEntranceFees","line":142,"loc":{"start":{"line":142,"column":4},"end":{"line":144,"column":4}}},"7":{"name":"getPlayer","line":146,"loc":{"start":{"line":146,"column":4},"end":{"line":148,"column":4}}},"8":{"name":"getRecentWinner","line":150,"loc":{"start":{"line":150,"column":4},"end":{"line":152,"column":4}}},"9":{"name":"getRaffleState","line":154,"loc":{"start":{"line":154,"column":4},"end":{"line":156,"column":4}}},"10":{"name":"getNumOfPlayers","line":158,"loc":{"start":{"line":158,"column":4},"end":{"line":160,"column":4}}},"11":{"name":"getNumWords","line":162,"loc":{"start":{"line":162,"column":4},"end":{"line":164,"column":4}}},"12":{"name":"getLatestTimeStamp","line":166,"loc":{"start":{"line":166,"column":4},"end":{"line":168,"column":4}}},"13":{"name":"getConfirmations","line":170,"loc":{"start":{"line":170,"column":4},"end":{"line":172,"column":4}}},"14":{"name":"getInterval","line":174,"loc":{"start":{"line":174,"column":4},"end":{"line":176,"column":4}}}},"statementMap":{"1":{"start":{"line":66,"column":8},"end":{"line":66,"column":2145}},"2":{"start":{"line":69,"column":8},"end":{"line":69,"column":2250}},"3":{"start":{"line":72,"column":8},"end":{"line":72,"column":42}},"4":{"start":{"line":73,"column":8},"end":{"line":73,"column":38}},"5":{"start":{"line":92,"column":8},"end":{"line":92,"column":57}},"6":{"start":{"line":93,"column":8},"end":{"line":93,"column":76}},"7":{"start":{"line":94,"column":8},"end":{"line":94,"column":48}},"8":{"start":{"line":95,"column":8},"end":{"line":95,"column":51}},"9":{"start":{"line":102,"column":8},"end":{"line":102,"column":47}},"10":{"start":{"line":103,"column":8},"end":{"line":103,"column":3340}},"11":{"start":{"line":112,"column":8},"end":{"line":112,"column":3610}},"12":{"start":{"line":119,"column":8},"end":{"line":119,"column":45}},"13":{"start":{"line":127,"column":8},"end":{"line":127,"column":65}},"14":{"start":{"line":128,"column":8},"end":{"line":128,"column":63}},"15":{"start":{"line":134,"column":8},"end":{"line":134,"column":78}},"16":{"start":{"line":136,"column":8},"end":{"line":136,"column":4422}},"17":{"start":{"line":139,"column":8},"end":{"line":139,"column":39}},"18":{"start":{"line":143,"column":8},"end":{"line":143,"column":29}},"19":{"start":{"line":147,"column":8},"end":{"line":147,"column":31}},"20":{"start":{"line":151,"column":8},"end":{"line":151,"column":29}},"21":{"start":{"line":155,"column":8},"end":{"line":155,"column":28}},"22":{"start":{"line":159,"column":8},"end":{"line":159,"column":31}},"23":{"start":{"line":163,"column":8},"end":{"line":163,"column":24}},"24":{"start":{"line":167,"column":8},"end":{"line":167,"column":30}},"25":{"start":{"line":171,"column":8},"end":{"line":171,"column":35}},"26":{"start":{"line":175,"column":8},"end":{"line":175,"column":25}}},"branchMap":{"1":{"line":66,"type":"if","locations":[{"start":{"line":66,"column":8},"end":{"line":66,"column":8}},{"start":{"line":66,"column":8},"end":{"line":66,"column":8}}]},"2":{"line":69,"type":"if","locations":[{"start":{"line":69,"column":8},"end":{"line":69,"column":8}},{"start":{"line":69,"column":8},"end":{"line":69,"column":8}}]},"3":{"line":103,"type":"if","locations":[{"start":{"line":103,"column":8},"end":{"line":103,"column":8}},{"start":{"line":103,"column":8},"end":{"line":103,"column":8}}]},"4":{"line":136,"type":"if","locations":[{"start":{"line":136,"column":8},"end":{"line":136,"column":8}},{"start":{"line":136,"column":8},"end":{"line":136,"column":8}}]}}},"contracts\\VRFCoordinatorV2Mock.sol":{"l":{},"path":"F:\\WebD\\Solidity\\FreeCodeCamp Course\\Lottery\\contracts\\VRFCoordinatorV2Mock.sol","s":{},"b":{},"f":{},"fnMap":{},"statementMap":{},"branchMap":{}}}