TN:
SF:F:\WebD\Solidity\FreeCodeCamp Course\Lottery\contracts\Raffle.sol
FN:54,constructor
FN:65,enterRaffle
FN:82,checkUpkeep
FN:99,performUpkeep
FN:122,fulfillRandomWords
FN:142,getEntranceFees
FN:146,getPlayer
FN:150,getRecentWinner
FN:154,getRaffleState
FN:158,getNumOfPlayers
FN:162,getNumWords
FN:166,getLatestTimeStamp
FN:170,getConfirmations
FN:174,getInterval
FNF:14
FNH:8
FNDA:3,constructor
FNDA:4,enterRaffle
FNDA:1,checkUpkeep
FNDA:1,performUpkeep
FNDA:0,fulfillRandomWords
FNDA:5,getEntranceFees
FNDA:1,getPlayer
FNDA:0,getRecentWinner
FNDA:1,getRaffleState
FNDA:0,getNumOfPlayers
FNDA:0,getNumWords
FNDA:0,getLatestTimeStamp
FNDA:0,getConfirmations
FNDA:5,getInterval
DA:55,3
DA:56,3
DA:57,3
DA:58,3
DA:59,3
DA:60,3
DA:61,3
DA:62,3
DA:66,4
DA:67,1
DA:69,3
DA:70,0
DA:72,3
DA:73,3
DA:92,1
DA:93,1
DA:94,1
DA:95,1
DA:96,1
DA:102,1
DA:103,1
DA:104,0
DA:110,1
DA:112,1
DA:119,0
DA:127,0
DA:128,0
DA:129,0
DA:130,0
DA:131,0
DA:132,0
DA:134,0
DA:136,0
DA:137,0
DA:139,0
DA:143,5
DA:147,1
DA:151,0
DA:155,1
DA:159,0
DA:163,0
DA:167,0
DA:171,0
DA:175,5
LF:44
LH:26
BRDA:66,1,0,1
BRDA:66,1,1,3
BRDA:69,2,0,0
BRDA:69,2,1,3
BRDA:103,3,0,0
BRDA:103,3,1,1
BRDA:136,4,0,0
BRDA:136,4,1,0
BRF:8
BRH:4
end_of_record
TN:
SF:F:\WebD\Solidity\FreeCodeCamp Course\Lottery\contracts\VRFCoordinatorV2Mock.sol
FNF:0
FNH:0
LF:0
LH:0
BRF:0
BRH:0
end_of_record
